2026-06-14 12:38:59,201 [INFO] exporter.json_exporter — JSON disimpan: C:\Users\mtio\AppData\Local\Temp\tmpro50s6em\records_260614_123859_rake05.json (1 records)
2026-06-14 12:39:54,314 [INFO] exporter.json_exporter — JSON disimpan: C:\Users\mtio\AppData\Local\Temp\tmp9rl29qde\records_260614_123954_rake05.json (1 records)
2026-06-14 12:43:47,113 [INFO] main — ============================================================
2026-06-14 12:43:47,114 [INFO] main — [MAIN] TIS Gateway Daemon — start
2026-06-14 12:43:47,114 [INFO] main — [MAIN] Host=192.168.1.1:262 | Interval=4320 menit | Raw=50 | Sent=200
2026-06-14 12:43:47,114 [INFO] main — ============================================================
2026-06-14 12:43:48,745 [INFO] main — [MAIN] TIS unreachable — retry dalam 10s...
2026-06-14 12:44:00,743 [INFO] main — [MAIN] TIS unreachable — retry dalam 10s...
2026-06-14 12:44:12,736 [INFO] main — [MAIN] TIS unreachable — retry dalam 10s...
2026-06-14 12:44:15,100 [INFO] main — [MAIN] Menerima signal SIGINT, shutdown graceful...
2026-06-14 12:44:15,744 [INFO] main — [MAIN] Shutdown selesai.
2026-06-14 12:46:18,041 [INFO] test — Test logger works
2026-06-14 12:46:18,041 [INFO] test — Throttled msg every 60s
2026-06-14 12:46:18,042 [INFO] test — Different msg 0
2026-06-14 12:49:24,388 [INFO] main — ============================================================
2026-06-14 12:49:24,388 [INFO] main — [MAIN] TIS Gateway Daemon — start
2026-06-14 12:49:24,388 [INFO] main — [MAIN] Host=192.168.1.1:262 | Interval=4320 menit | Raw=50 | Sent=200
2026-06-14 12:49:24,388 [INFO] main — ============================================================
2026-06-14 12:49:53,958 [INFO] main — ============================================================
2026-06-14 12:49:53,958 [INFO] main — [MAIN] TIS Gateway Daemon — start
2026-06-14 12:49:53,958 [INFO] main — [MAIN] Host=192.168.1.1:262 | Interval=4320 menit | Raw=50 | Sent=200
2026-06-14 12:49:53,958 [INFO] main — ============================================================
2026-06-14 12:49:55,740 [INFO] main — [MAIN] TIS unreachable — retry dalam 10s...
2026-06-14 12:50:43,159 [INFO] main — [MAIN] Menerima signal SIGINT, shutdown graceful...
2026-06-14 12:50:43,159 [INFO] main — [MAIN] Shutdown selesai.
